<?xml version="1.0" encoding="UTF-8"?>
<testsuite xmlns:xsi="http://www.w3.org/2001/XMLSchema-instance" xsi:noNamespaceSchemaLocation="https://maven.apache.org/surefire/maven-surefire-plugin/xsd/surefire-test-report-3.0.xsd" version="3.0" name="dev.arthur.accountsreceivable.AccountsreceivableApplicationTests" time="11.935" tests="1" errors="0" skipped="0" failures="0">
  <properties>
[...]
</properties>
  <testcase name="contextLoads" classname="dev.arthur.accountsreceivable.AccountsreceivableApplicationTests" time="1.145">
    <system-out><![CDATA[14:58:46.198 [main] INFO org.springframework.test.context.support.AnnotationConfigContextLoaderUtils -- Could not detect default configuration classes for test class [dev.arthur.accountsreceivable.AccountsreceivableApplicationTests]: AccountsreceivableApplicationTests does not declare any static, non-private, non-final, nested classes annotated with @Configuration.
14:58:46.493 [main] INFO org.springframework.boot.test.context.SpringBootTestContextBootstrapper -- Found @SpringBootConfiguration dev.arthur.accountsreceivable.AccountsreceivableApplication for test class dev.arthur.accountsreceivable.AccountsreceivableApplicationTests

  .   ____          _            __ _ _
 /\\ / ___'_ __ _ _(_)_ __  __ _ \ \ \ \
( ( )\___ | '_ | '_| | '_ \/ _` | \ \ \ \
 \\/  ___)| |_)| | | | | || (_| |  ) ) ) )
  '  |____| .__|_| |_|_| |_\__, | / / / /
 =========|_|==============|___/=/_/_/_/
 :: Spring Boot ::                (v3.1.1)

2023-07-09T14:58:47.605-03:00  INFO 16704 --- [           main] d.a.a.AccountsreceivableApplicationTests : Starting AccountsreceivableApplicationTests using Java 20.0.1 with PID 16704 (started by Arthur Lunkes in C:\Users\Arthur Lunkes\Desktop\Teste Aplicação web\accountreceivable)
2023-07-09T14:58:47.607-03:00  INFO 16704 --- [           main] d.a.a.AccountsreceivableApplicationTests : No active profile set, falling back to 1 default profile: "default"
2023-07-09T14:58:49.274-03:00  INFO 16704 --- [           main] .s.d.r.c.RepositoryConfigurationDelegate : Bootstrapping Spring Data JPA repositories in DEFAULT mode.
2023-07-09T14:58:49.427-03:00  INFO 16704 --- [           main] .s.d.r.c.RepositoryConfigurationDelegate : Finished Spring Data repository scanning in 130 ms. Found 2 JPA repository interfaces.
2023-07-09T14:58:50.379-03:00  INFO 16704 --- [           main] com.zaxxer.hikari.HikariDataSource       : HikariPool-1 - Starting...
2023-07-09T14:58:50.781-03:00  INFO 16704 --- [           main] com.zaxxer.hikari.pool.HikariPool        : HikariPool-1 - Added connection conn0: url=jdbc:h2:mem:a4d3dc2b-66d9-4337-a777-4cca8310f642 user=SA
2023-07-09T14:58:50.784-03:00  INFO 16704 --- [           main] com.zaxxer.hikari.HikariDataSource       : HikariPool-1 - Start completed.
2023-07-09T14:58:50.906-03:00  INFO 16704 --- [           main] o.hibernate.jpa.internal.util.LogHelper  : HHH000204: Processing PersistenceUnitInfo [name: default]
2023-07-09T14:58:51.125-03:00  INFO 16704 --- [           main] org.hibernate.Version                    : HHH000412: Hibernate ORM core version 6.2.5.Final
2023-07-09T14:58:51.131-03:00  INFO 16704 --- [           main] org.hibernate.cfg.Environment            : HHH000406: Using bytecode reflection optimizer
2023-07-09T14:58:51.757-03:00  INFO 16704 --- [           main] o.h.b.i.BytecodeProviderInitiator        : HHH000021: Bytecode provider name : bytebuddy
2023-07-09T14:58:52.153-03:00  INFO 16704 --- [           main] o.s.o.j.p.SpringPersistenceUnitInfo      : No LoadTimeWeaver setup: ignoring JPA class transformer
2023-07-09T14:58:52.918-03:00  INFO 16704 --- [           main] o.h.b.i.BytecodeProviderInitiator        : HHH000021: Bytecode provider name : bytebuddy
2023-07-09T14:58:54.361-03:00  INFO 16704 --- [           main] o.h.e.t.j.p.i.JtaPlatformInitiator       : HHH000490: Using JtaPlatform implementation: [org.hibernate.engine.transaction.jta.platform.internal.NoJtaPlatform]
2023-07-09T14:58:54.447-03:00  INFO 16704 --- [           main] j.LocalContainerEntityManagerFactoryBean : Initialized JPA EntityManagerFactory for persistence unit 'default'
2023-07-09T14:58:55.622-03:00  WARN 16704 --- [           main] JpaBaseConfiguration$JpaWebConfiguration : spring.jpa.open-in-view is enabled by default. Therefore, database queries may be performed during view rendering. Explicitly configure spring.jpa.open-in-view to disable this warning
2023-07-09T14:58:56.552-03:00  INFO 16704 --- [           main] d.a.a.AccountsreceivableApplicationTests : Started AccountsreceivableApplicationTests in 9.647 seconds (process running for 11.902)
]]></system-out>
  </testcase>
</testsuite>